May 6, 2013 12:35:40 AM net.floodlightcontroller.datacentermarketing.logic.Auctioneer <init>
INFO: Bidding info logger
May 6, 2013 12:36:20 AM net.floodlightcontroller.datacentermarketing.logic.Auctioneer computeAllocation
INFO: Bidding Round 4, ThisRoundUtilization 0.0, thisRoundIncome 2981.0, total income 2981.0.
May 6, 2013 12:36:30 AM net.floodlightcontroller.datacentermarketing.logic.Auctioneer computeAllocation
INFO: Bidding Round 5, ThisRoundUtilization 0.0, thisRoundIncome 2998.0, total income 5979.0.
May 6, 2013 12:36:40 AM net.floodlightcontroller.datacentermarketing.logic.Auctioneer computeAllocation
INFO: Bidding Round 6, ThisRoundUtilization 2.7272727E-5, thisRoundIncome 2474.0, total income 8453.0.
May 6, 2013 12:36:50 AM net.floodlightcontroller.datacentermarketing.logic.Auctioneer computeAllocation
INFO: Bidding Round 7, ThisRoundUtilization 6.363635E-5, thisRoundIncome 902.0, total income 9355.0.
May 6, 2013 12:37:00 AM net.floodlightcontroller.datacentermarketing.logic.Auctioneer computeAllocation
INFO: Bidding Round 8, ThisRoundUtilization 4.6363633E-4, thisRoundIncome 618.0, total income 9973.0.
May 6, 2013 12:37:11 AM net.floodlightcontroller.datacentermarketing.logic.Auctioneer computeAllocation
INFO: Bidding Round 9, ThisRoundUtilization 4.6363633E-4, thisRoundIncome 1457.0, total income 11430.0.
May 6, 2013 12:37:21 AM net.floodlightcontroller.datacentermarketing.logic.Auctioneer computeAllocation
INFO: Bidding Round 10, ThisRoundUtilization 5.5454543E-4, thisRoundIncome 1113.0, total income 12543.0.
May 6, 2013 12:37:31 AM net.floodlightcontroller.datacentermarketing.logic.Auctioneer computeAllocation
INFO: Bidding Round 11, ThisRoundUtilization 6.090909E-4, thisRoundIncome 599.0, total income 13142.0.
May 6, 2013 12:37:51 AM net.floodlightcontroller.datacentermarketing.logic.Auctioneer computeAllocation
INFO: Bidding Round 13, ThisRoundUtilization 0.0010272728, thisRoundIncome 569.0, total income 13711.0.
May 6, 2013 12:38:01 AM net.floodlightcontroller.datacentermarketing.logic.Auctioneer computeAllocation
INFO: Bidding Round 14, ThisRoundUtilization 0.0013, thisRoundIncome 750.0, total income 14461.0.
May 6, 2013 12:38:12 AM net.floodlightcontroller.datacentermarketing.logic.Auctioneer computeAllocation
INFO: Bidding Round 15, ThisRoundUtilization 0.0013181817, thisRoundIncome 9.0, total income 14470.0.
May 6, 2013 12:38:22 AM net.floodlightcontroller.datacentermarketing.logic.Auctioneer computeAllocation
INFO: Bidding Round 16, ThisRoundUtilization 0.0010181819, thisRoundIncome 697.0, total income 15167.0.
May 6, 2013 12:38:32 AM net.floodlightcontroller.datacentermarketing.logic.Auctioneer computeAllocation
INFO: Bidding Round 17, ThisRoundUtilization 8.9090917E-4, thisRoundIncome 1088.0, total income 16255.0.
May 6, 2013 12:38:42 AM net.floodlightcontroller.datacentermarketing.logic.Auctioneer computeAllocation
INFO: Bidding Round 18, ThisRoundUtilization 0.0012181819, thisRoundIncome 1065.0, total income 17320.0.
May 6, 2013 12:38:52 AM net.floodlightcontroller.datacentermarketing.logic.Auctioneer computeAllocation
INFO: Bidding Round 19, ThisRoundUtilization 0.0014272728, thisRoundIncome 1705.0, total income 19025.0.
May 6, 2013 12:39:02 AM net.floodlightcontroller.datacentermarketing.logic.Auctioneer computeAllocation
INFO: Bidding Round 20, ThisRoundUtilization 0.001409091, thisRoundIncome 1019.0, total income 20044.0.
May 6, 2013 12:39:12 AM net.floodlightcontroller.datacentermarketing.logic.Auctioneer computeAllocation
INFO: Bidding Round 21, ThisRoundUtilization 0.0012181819, thisRoundIncome 1696.0, total income 21740.0.
May 6, 2013 12:39:22 AM net.floodlightcontroller.datacentermarketing.logic.Auctioneer computeAllocation
INFO: Bidding Round 22, ThisRoundUtilization 0.0013636365, thisRoundIncome 653.0, total income 22393.0.
May 6, 2013 12:39:32 AM net.floodlightcontroller.datacentermarketing.logic.Auctioneer computeAllocation
INFO: Bidding Round 23, ThisRoundUtilization 0.0013636365, thisRoundIncome 1294.0, total income 23687.0.
May 6, 2013 12:39:42 AM net.floodlightcontroller.datacentermarketing.logic.Auctioneer computeAllocation
INFO: Bidding Round 24, ThisRoundUtilization 0.0010272728, thisRoundIncome 1264.0, total income 24951.0.
May 6, 2013 12:39:52 AM net.floodlightcontroller.datacentermarketing.logic.Auctioneer computeAllocation
INFO: Bidding Round 25, ThisRoundUtilization 0.0012727272, thisRoundIncome 2498.0, total income 27449.0.
May 6, 2013 12:40:02 AM net.floodlightcontroller.datacentermarketing.logic.Auctioneer computeAllocation
INFO: Bidding Round 26, ThisRoundUtilization 0.0011090908, thisRoundIncome 877.0, total income 28326.0.
May 6, 2013 12:40:12 AM net.floodlightcontroller.datacentermarketing.logic.Auctioneer computeAllocation
INFO: Bidding Round 27, ThisRoundUtilization 0.0013727273, thisRoundIncome 1590.0, total income 29916.0.
May 6, 2013 12:40:22 AM net.floodlightcontroller.datacentermarketing.logic.Auctioneer computeAllocation
INFO: Bidding Round 28, ThisRoundUtilization 0.0011000001, thisRoundIncome 960.0, total income 30876.0.
May 6, 2013 12:40:32 AM net.floodlightcontroller.datacentermarketing.logic.Auctioneer computeAllocation
INFO: Bidding Round 29, ThisRoundUtilization 0.0011272727, thisRoundIncome 160.0, total income 31036.0.
May 6, 2013 12:40:42 AM net.floodlightcontroller.datacentermarketing.logic.Auctioneer computeAllocation
INFO: Bidding Round 30, ThisRoundUtilization 0.0011909092, thisRoundIncome 1815.0, total income 32851.0.
May 6, 2013 12:40:52 AM net.floodlightcontroller.datacentermarketing.logic.Auctioneer computeAllocation
INFO: Bidding Round 31, ThisRoundUtilization 0.0011999999, thisRoundIncome 250.0, total income 33101.0.
May 6, 2013 12:41:02 AM net.floodlightcontroller.datacentermarketing.logic.Auctioneer computeAllocation
INFO: Bidding Round 32, ThisRoundUtilization 0.0014727273, thisRoundIncome 58.0, total income 33159.0.
May 6, 2013 12:41:12 AM net.floodlightcontroller.datacentermarketing.logic.Auctioneer computeAllocation
INFO: Bidding Round 33, ThisRoundUtilization 0.0015545454, thisRoundIncome 2533.0, total income 35692.0.
May 6, 2013 12:41:22 AM net.floodlightcontroller.datacentermarketing.logic.Auctioneer computeAllocation
INFO: Bidding Round 34, ThisRoundUtilization 0.0013909092, thisRoundIncome 924.0, total income 36616.0.
May 6, 2013 12:41:32 AM net.floodlightcontroller.datacentermarketing.logic.Auctioneer computeAllocation
INFO: Bidding Round 35, ThisRoundUtilization 0.0014545453, thisRoundIncome 1500.0, total income 38116.0.
May 6, 2013 12:41:52 AM net.floodlightcontroller.datacentermarketing.logic.Auctioneer computeAllocation
INFO: Bidding Round 37, ThisRoundUtilization 0.0011, thisRoundIncome 296.0, total income 38412.0.
May 6, 2013 12:42:03 AM net.floodlightcontroller.datacentermarketing.logic.Auctioneer computeAllocation
INFO: Bidding Round 38, ThisRoundUtilization 9.818182E-4, thisRoundIncome 201.0, total income 38613.0.
May 6, 2013 12:42:23 AM net.floodlightcontroller.datacentermarketing.logic.Auctioneer computeAllocation
INFO: Bidding Round 40, ThisRoundUtilization 0.0011636365, thisRoundIncome 557.0, total income 39170.0.
May 6, 2013 12:42:33 AM net.floodlightcontroller.datacentermarketing.logic.Auctioneer computeAllocation
INFO: Bidding Round 41, ThisRoundUtilization 0.0010363637, thisRoundIncome 911.0, total income 40081.0.
