May 6, 2013 12:44:08 AM net.floodlightcontroller.datacentermarketing.logic.Auctioneer <init>
INFO: Bidding info logger
May 6, 2013 12:44:58 AM net.floodlightcontroller.datacentermarketing.logic.Auctioneer computeAllocation
INFO: Bidding Round 5, ThisRoundUtilization 0.0, thisRoundIncome 2981.0, total income 2981.0.
May 6, 2013 12:45:08 AM net.floodlightcontroller.datacentermarketing.logic.Auctioneer computeAllocation
INFO: Bidding Round 6, ThisRoundUtilization 0.0, thisRoundIncome 2998.0, total income 5979.0.
May 6, 2013 12:45:18 AM net.floodlightcontroller.datacentermarketing.logic.Auctioneer computeAllocation
INFO: Bidding Round 7, ThisRoundUtilization 2.7272727E-5, thisRoundIncome 2474.0, total income 8453.0.
May 6, 2013 12:45:28 AM net.floodlightcontroller.datacentermarketing.logic.Auctioneer computeAllocation
INFO: Bidding Round 8, ThisRoundUtilization 6.363635E-5, thisRoundIncome 801.0, total income 9254.0.
May 6, 2013 12:45:38 AM net.floodlightcontroller.datacentermarketing.logic.Auctioneer computeAllocation
INFO: Bidding Round 9, ThisRoundUtilization 4.6363633E-4, thisRoundIncome 618.0, total income 9872.0.
May 6, 2013 12:45:48 AM net.floodlightcontroller.datacentermarketing.logic.Auctioneer computeAllocation
INFO: Bidding Round 10, ThisRoundUtilization 4.6363633E-4, thisRoundIncome 1457.0, total income 11329.0.
May 6, 2013 12:45:58 AM net.floodlightcontroller.datacentermarketing.logic.Auctioneer computeAllocation
INFO: Bidding Round 11, ThisRoundUtilization 5.5454543E-4, thisRoundIncome 1113.0, total income 12442.0.
May 6, 2013 12:46:28 AM net.floodlightcontroller.datacentermarketing.logic.Auctioneer computeAllocation
INFO: Bidding Round 14, ThisRoundUtilization 0.0010545455, thisRoundIncome 569.0, total income 13011.0.
May 6, 2013 12:46:38 AM net.floodlightcontroller.datacentermarketing.logic.Auctioneer computeAllocation
INFO: Bidding Round 15, ThisRoundUtilization 0.0012727272, thisRoundIncome 750.0, total income 13761.0.
May 6, 2013 12:46:58 AM net.floodlightcontroller.datacentermarketing.logic.Auctioneer computeAllocation
INFO: Bidding Round 17, ThisRoundUtilization 0.0010454544, thisRoundIncome 504.0, total income 14265.0.
May 6, 2013 12:47:08 AM net.floodlightcontroller.datacentermarketing.logic.Auctioneer computeAllocation
INFO: Bidding Round 18, ThisRoundUtilization 9.1818185E-4, thisRoundIncome 980.0, total income 15245.0.
May 6, 2013 12:47:18 AM net.floodlightcontroller.datacentermarketing.logic.Auctioneer computeAllocation
INFO: Bidding Round 19, ThisRoundUtilization 0.0012454547, thisRoundIncome 952.0, total income 16197.0.
May 6, 2013 12:47:28 AM net.floodlightcontroller.datacentermarketing.logic.Auctioneer computeAllocation
INFO: Bidding Round 20, ThisRoundUtilization 0.0014545457, thisRoundIncome 2262.0, total income 18459.0.
May 6, 2013 12:47:38 AM net.floodlightcontroller.datacentermarketing.logic.Auctioneer computeAllocation
INFO: Bidding Round 21, ThisRoundUtilization 0.0014000002, thisRoundIncome 1309.0, total income 19768.0.
May 6, 2013 12:47:48 AM net.floodlightcontroller.datacentermarketing.logic.Auctioneer computeAllocation
INFO: Bidding Round 22, ThisRoundUtilization 0.0012363637, thisRoundIncome 1345.0, total income 21113.0.
May 6, 2013 12:47:58 AM net.floodlightcontroller.datacentermarketing.logic.Auctioneer computeAllocation
INFO: Bidding Round 23, ThisRoundUtilization 0.0014818182, thisRoundIncome 632.0, total income 21745.0.
May 6, 2013 12:48:08 AM net.floodlightcontroller.datacentermarketing.logic.Auctioneer computeAllocation
INFO: Bidding Round 24, ThisRoundUtilization 0.0013363636, thisRoundIncome 562.0, total income 22307.0.
May 6, 2013 12:48:18 AM net.floodlightcontroller.datacentermarketing.logic.Auctioneer computeAllocation
INFO: Bidding Round 25, ThisRoundUtilization 8.6363644E-4, thisRoundIncome 1264.0, total income 23571.0.
May 6, 2013 12:48:28 AM net.floodlightcontroller.datacentermarketing.logic.Auctioneer computeAllocation
INFO: Bidding Round 26, ThisRoundUtilization 0.0011727272, thisRoundIncome 2567.0, total income 26138.0.
May 6, 2013 12:48:38 AM net.floodlightcontroller.datacentermarketing.logic.Auctioneer computeAllocation
INFO: Bidding Round 27, ThisRoundUtilization 0.0011272727, thisRoundIncome 1197.0, total income 27335.0.
May 6, 2013 12:48:48 AM net.floodlightcontroller.datacentermarketing.logic.Auctioneer computeAllocation
INFO: Bidding Round 28, ThisRoundUtilization 0.0013363636, thisRoundIncome 1620.0, total income 28955.0.
May 6, 2013 12:48:58 AM net.floodlightcontroller.datacentermarketing.logic.Auctioneer computeAllocation
INFO: Bidding Round 29, ThisRoundUtilization 0.0011818181, thisRoundIncome 960.0, total income 29915.0.
May 6, 2013 12:49:08 AM net.floodlightcontroller.datacentermarketing.logic.Auctioneer computeAllocation
INFO: Bidding Round 30, ThisRoundUtilization 8.818182E-4, thisRoundIncome 20.0, total income 29935.0.
May 6, 2013 12:49:18 AM net.floodlightcontroller.datacentermarketing.logic.Auctioneer computeAllocation
INFO: Bidding Round 31, ThisRoundUtilization 8.090909E-4, thisRoundIncome 1815.0, total income 31750.0.
May 6, 2013 12:49:38 AM net.floodlightcontroller.datacentermarketing.logic.Auctioneer computeAllocation
INFO: Bidding Round 33, ThisRoundUtilization 0.0011181817, thisRoundIncome 58.0, total income 31808.0.
May 6, 2013 12:49:48 AM net.floodlightcontroller.datacentermarketing.logic.Auctioneer computeAllocation
INFO: Bidding Round 34, ThisRoundUtilization 0.0011454545, thisRoundIncome 1663.0, total income 33471.0.
May 6, 2013 12:49:58 AM net.floodlightcontroller.datacentermarketing.logic.Auctioneer computeAllocation
INFO: Bidding Round 35, ThisRoundUtilization 0.0011454545, thisRoundIncome 924.0, total income 34395.0.
May 6, 2013 12:50:08 AM net.floodlightcontroller.datacentermarketing.logic.Auctioneer computeAllocation
INFO: Bidding Round 36, ThisRoundUtilization 0.0011727273, thisRoundIncome 1500.0, total income 35895.0.
